5142 24285
aerzertoyhaqwdabtkaxdvzfhsvqhnvfkmonjlnkaprzxqtadtpsfcjjlvvxfmekxyumqkqoyfirkdqd
wtreqqxdvylogmkbsigigxvsktponyjxtxeomjbtrkucxjedermynhpxvfmvqkolmatrkevoawonhuot
aadnzjmvtqxhcmoeoemlhqopmgwwgpwtzohvbrnqyuhlltgbyyftwmueokxsutpuynuppehmrpnyyabg
udngqcahgbvacbhvsccaimorcexhmacpyogzrgohxbfmxpkneyudasodcakdfgxjtutmatyznxburtak
uzdmqwyzunxdbbcaxyhatbznqdtdfnfqmrgcwiqdwhhaamqcvyykhdwvhhteetzbagmfiuwszdwwbioy
ihnyjoqojydtrefcgmxqikeprvzsaihifpzwihdhbsnztcmwrgfrxyecyfmkwughpwwzghbxwybjnmqv
efhlavfgpwrxdqudszixazblhjamefpnrqchibvrokqofirutllzqdrermnmzeznqhlajjdubrihmeyt
jvtaufwsboffhmdgzhgxkystxdizyrhucgkdbtkxwpjivhbtnvdnurwbdplxdxvoznuvdbzwyfmlafal
vyoiinhkfskqdilgpbzgufkohhahbmvoiecteccsddofbsjewjyydxdadnohxyiytfvpkqhnagsvdkae
pcvevydcpgqzhymlaouycobeybnekiylmjwdxdwbvbgmonnhyvwzuwmjbtzayliuxtylukuhoyesrswl
wtjupbybenvccuxipxmrqhszlcfgaqzzzgnkwckspfnbcwbacrsxczawdyqqmezbpxfhgaellbdhaxzf
rstbtykbafgzvsclkuhqhizwfbkpgexnunoysqsnfiwmqfopgswypkibonvjcrhxmcrizudrseobawiu
dldezcgtpbqfyrifjhoxkuczaupuazzqspprddgyaxpqfuptbzelutqlnmssjzcapfasaenqcqijvucx
rktjgrolgdcokhanghcpocsjoqlakpbuzqqoyeftckwbtwocuydxxsxkmolayyvksjprrlecgeocsmdk
dxncenlpsadvtzazppyzgxnwjnycjenergepoqvdqihdmcxdlznkzmhkdpptrlgnabodgfjrgqoyeypn
vuunpbozlcbiqcfcfvwxogudfmzftyawdgcqgbccvqpoevyoaicfbaxecobykfimrkdwttijwjsdeano
sjhslqekrpzppesukzuuxfetoygrtuvslrzxnmdncdewzbaoiahbqbsaaumrymnlaxkkpjrpzyrtxycs
vdrtwwexlpgancosatlcopcbvljhbjotaauakhlqsctnfbhxptmeherujrzguzxyzehkrwpzupnsftnp
kxdqfsijmnnjshymfldfavqbjzwzbunhqnekibimsunrznzpdyvpzlqfedzjmmeiwggjjrsmzxfnfwck
yyqmgirvnxviaqgdyseltxcsaidtwwrbtnqxkfpwgqdvxrlpckcnmegeslwmhwribmvzmrifddegctjx
bfhdncpfgfyaugyuvukxzowlprhzasbwbgmxpgrplicpjnotrcxhppywcqxeplhkdxswzblnkucgpnkb
eymtitlqrjgkyujrizwnsafojwsmabtgdxohszpbdylodrwxohkwncmuoapcbqcxgzjfrhgekcnvntdg
udchshvlpbgszrzkyrmkherglmrpodqroyiepmpdbvogcxffnqsjseruruupspzxsjqyttfxovywozbu
otntwtgrfahkctgjrzuyqsgpzggtzejoudoevnsyjxumcquwsqdbapiljnhkxbkfzadzzzhpgbhahnpy
zvzuzszknrawtwhuojptswdyzehiamnjzgpozgxqkecjpehfivdrmcxxhpxabztlkptpcrvamhdxhjgj
ayygondnimftxulxijgvhexmdfphstymnvmytpncubjgifwlspophyevoobaidqazurgezpkeabqtkyv
wcsttzxncflsdphyurcvbdiniafarrkuyhsvkiafagzxfdzsrpksqycxljrhmbwdsbscgggfczsdwgwh
oxqujpkjijdgeowhxudtmnyojmqsqfztcjtdbvwegqmhimkffcacyiwtkfbwbakhfvpjrfktezvpimxj
cmjgwxfxyjudadahhugrnebbvmijstworeouengllbiyftmhovihyxfecappuqgfpovuijdwquwsexlc
rygrqrkjjtqlrjzzjusvqzrvbvagrxqyupcmccughleunanyuqpofikxsrcwgygltakxttnppjenjhew
ouumlmirjwerwooxzteevhlramshzdfqqypujqucpbhkxaakibobdfvcszplxdghfruzxyranbqlnvbz
ixrgpzjrtnihpngfxrirfdsqwuqmcbncashnikfxfhtndvqfsqxvkpiaxfuhnsqmrmzdespfeviuuvrl
rsvydkufjsloyvgauzqhtayqmphcezshccropnqefcmkafkpqdutmuvjmdazmugwjpmumigfafiiumjo
pdrijtygorsnswnfnlnwzqxweewptgzkzgzmefamzzikwejkoknntwzmnymtjeuxkxnfxozpfdfupzog
hnkxftckmpoyvuqiffgcoveizwoartevwnzpsredibmgbsyauomopazizyjkbdtraceuduakdmbiojyz
cbgagmthlqntyoepbnoiuxnwlxlozhlsadyvzbatrompkxrzbpqlmmnpcagqpildedtaddgmakpdxfzt
msxngmxrwqqfghyyhwhybtwvppuweughzkejjqaksqnlpshmivkwhqlrwkuicusxtyxipvmqkznuyaxx
jczeqbckdwmzefrlgrrrawoxeqyphknuapniimezkibowzejvoshrcdsattnlwihbozfygjdndxypjhj
csgpbrfeqflveenruuvkjxehlsmlrrlbgkjzoftjcoivvqbpsraofvkkzicjpbqruvzkjujuzkummixg
nbxosfleemtxybrlmkffnvqwfxuaubskvjsdvxnjmsfgoofnnbogqjhunxlpemkrcwpeqgroanjiwwke
gscvnnbijzazgpgolisnbqpjxovpswbdafsejgzglkwkjyoulxzyigkcgbwyjjusbvqxrxscqznrlwss
mfytwygvobxuivvdgdnpkvcffzdgfwuplusktpghlpqbriledaaoobnpljpxdeycviapzklgpskccvsq
kduxochydradhnmqtmrxbwybrfkgqcrnxuddgyrkkbgbgapwavsbuuhtwyttoztatefymbtqefesegrp
xpswpljiyypxjzprkihssfdrayvamvceizwjqbxptsajpmduvtxdczsypvmuclvqzbivfgslhkggestv
vevinksblswbnmucksdjukxllpzwgvzogypznhoasxmbkxarowsvgmmlwmolbngcjbcovvzkxgpgimzn
fteplhhckovtqdwgpqqucanrhobqbmvrbykzqfygksokqiealhlmqyxzooauovpakjynbuydrutmeivj
xqyteqttmdbrttgdushvmryyqdiiytkofsuucfgmqqhtaozaaesgbirusgttimzyoflljesyizmijgko
hnzommsbgdnpczwnwqfgyucxnaxwzaxwbusffezlscvhpecelocjftaszapsoazijwefyvkbqtsngqrt
efssclqgoczwwegyotmkintvfrfjbexrxhobfzywudrjdeuehtgfjfcilvusrujdftcfvmolmoxqhfcc
nhtipoyhmjemsaqlqgegpiwsxrpawerongsbstrvckbwmmdddvivpvdsndpbcsykwyootxbiadlnilvu
vcwnfnvikvikvxcdqjgbevmszuzvtwtgrubxeafuvlpoekzkktvsomsjeyizrukxfqnmiqpfmcyrijiw
sxojvcklrwbweggseybgsikxtbntccrdvkttdbqtfdhrfzsoyayyunbebvxpnespnbknfyvxudddooya
nhqonwpsdqttgmkgqcgqzxujknoeruwtsnpxrpoereclbajblvpseklzawchvllydbtqjtapemqjsyco
oyeyoedgmfqprzyfpsqekixkkuwusxfzmzssomgmqrisvbvnoeopulhsashszeoerfrmmulwwlhpfyva
ecvmfzeamvabtknxchxsrromtmndyhkvematuopgpdruxdyavssheuxxdmqygsdfjgxjgtbomoypvsta
zetraejqykpxammufqfxvgggaadjgwiuroxmceadakwuhasihejahktjqksjuwvpxbtneiqyruswakoa
kyjsvpzvsjcadymyrjypyrngbefmttpwjpfplmloolcdpqcmtcilaohzingsisykgwlqcmeqbgdwsons
edwdkhnscrkpsmymhrxuqetzvdpnqkyvwqfjzujybofdchcqxauvulfylxnqdnajzjbmnqzdknajdvui
hvzxhhcbhglosaawboygbdiedxqcmgyrfwtukvphlfhxynygzlzfzecwfzzcksnvdduqqfbmmgpygdiz
yzeynfswtvtpntvaqwafocsbdayclradczwqvrlqmknlipyyithjkwcvmvczjufsuaswjwhtzpmythfy
wemxzxnfkcuiomugkdroagvdxkyufmvgsgtpyzuslzvmcmyepqvdorrmvikeqrvqzrefjviueweqyxvp
gsfeqrkfhzzpuogleoffzjamazxxedoubbggipirkkeylqcatrezsdnzcokznmwaaysaadfslzobiezw
krylyhstevexabgobwwnbqnhgakkauqofktredvwiqbhxdrxwgynxztcnzujsskkfypmvgjvrzopjgia
vmjssyhtrfqtavfjyzrfkbfqiiezrnqquahfrsxmkgkpcdaahtdayzyoewnalgtfxlyprajcujvvfdhz
ddbwmqqfvaytmiqarezatr#
