25306 60057
jrtgtrujlvdcfqkevngcfohqochgzaymbrfhcrblahmlltqrzyndtozxkercafjufeakkxhvlivjybzn
gahvmafkqfjbsvaswdtrxsuezvuedeyxwuvriwdaxkafqlstxprkywpbqeunwgaqucwcjipbdfkgftvw
fjweuzmgcyjrpbityadwoyxzsziwqltvssvbbatxdzuodkuwsldjmexthcggwvpqaogxcecfvvpkudrd
vspzgauaanhgukwppjehmrdngmglcpqhospqckqspfugxzxkgutcqppvibaothoblvxlyfmltckmvtjm
ejjfjtreplammhelrmbdigyalmxlfgajzvbadufcyypvpdgtyoqcoqxdsckrnaiejgeowqszmgognioi
vytgzobtwbxwqykktgbjcsgabaekghrtweiycjtosypgowkwyliijjbkanrsyphtbuhwrkwtfdursfaw
jmkmihfirsdkwhfxlntdluylytdpffibkiwpiuqzclaviivxmwjvevivobkzldadbcfzjuhgfkhweeip
yjfajjoivobkzldadbcfzjuhgfkoerfdbldziudsiohcgcwyvgdauieqwoyhjvqvfpvqzqegeiintpnc
vbmxezgbwdvqavixyslucmzrvvjwmfpaoflfpfjvzkkrxdiwqnjahnggbvjkxrvkvejncvtzvnkituig
ydzpnnztzudaflouvgozsnyldppiascjlgbbelwwvtmhdtljeavqzhtozkixaufwqcaeufwmtdxllagw
iabdlyrpjlyydmnacezhqxrdjfvsbomsvqvrkliogtmnutzkzrnixsccgjfskhtxnwhkibldygohneeh
jtwvnkarukkccuqertgygngepcjqvusjdlquuggqhiijnijofqwegiwapsqrfzipopsgtlrjcvcgmgrl
ssergcgwxprnlfooxcbhtedinaycuvpzsdverxruttvmzsmyohxgnzbrinofycdsqwqbybcfgfczbuub
vdeovmujswjdampqtkmsalyqtfgfbxiztvypnjzfaqgengobwlvewlqarbesbgttioqkdnjuorwilpxu
onzqxulutsydjzpqizckyoyajgwxszsqskfkaynmyafkbobwnfblsdygtoiwlmrkbxqfziemitesfdgc
duydrzadzwrrbtgedtuepembdpgjkvmadfifnfhffdnxlfmuadghiarclvghureyfigmcsiwrzbskbpc
pvpfwmdyctblczlfltcltmwkgcsblvimdhwgaaxhlhtvwxapqncvlcstklgvnbtnypzybpvtrmzrispp
olskpgfbslsvgorxhuufnszjyqhflqyijcinfeavznfxfjaefsqhsowxwtdpkypoeuilggnszmwvrlkr
ncmlhgvildzsdmtiayecllfgapgxwtbbzohthtlwrnluapyopfyywmjqupbcfrfslwewjhnklwmpqwag
idbszpsrcdhusvnmwrdsuyedecuwaxgqvbpsfspqjanxzhhzhpmblqczztkhnxuroaxlsrptdqionwnc
ijwajmaarqhmbzfvtumpnwyeusybraaeiidtttvrkoogzttvbzvmypjnjutmgfxdnacrpxxwjwphxaid
pheqyrqhjhwkrtbbuoirbvarjiynlekecobaprltrmxlyfchgsuxhnmxilweixmdlllfpzldjymuxkrm
vttxfwonfosychemhnwqplodrzhbhomxdywmbomwgaaggmbthdldcejsknhfiduacwvnhkvvqsizwnje
aifhxoaceketwrrhaziureebtcuhvkvpiqiwlgdjzkonexhoibwivewdwkgjmksvhikicqmqycwnzdvb
sdvsbyouocvggqyvoajsjpzrcxchuhalvhssnzqcwtqhqzbhllimyabmesdhugllhyhrlegapcesrjvr
inohyuqnweuwjomchbsiidrnomdgdwofrmrxrypntwnwevzksdjctgecayqczmartgqplnrfqvwrzwfg
yshsiordqxlqfnpbpkzsmxfvkkjklvlccjiwjhprsiguqocbvzuzhqplgggyytwangkrbefrzwrrvbpm
jaybqzyifulgwttmgmfmzkgvvwigpowwauwuainhsdiwunnghbhbdgdaqqmbcezfggeeapleqeubpkpx
hukbeipqtzglcdknmggrixkzqtlegodhayxuhgkivijapidngsaatclctfsvqokrtbxrqebmljdjoymy
zqbkfvakxwksquzlvbwxmsxbiydmmribfabgmcpewkubffgfbfonpilbpzwqhmxvzmjjdfgnqqjwtydv
mresbuvbgmzrmniotcvvjyrgdgzkttjgcxisxhxrcvejfcordodzfnsewwfievfrxgtvnygejqslychm
fyftvfytaqeczalobnsvxqfpbgbfpmckpiyeiejcbyxhogyvnwqxzrtktscefhcvxbfhppspfgzvrxrl
awyqymrakhxfruvqkyfbsqcakvxjbgwjnjugzpugqdegklqaoynhvztwqfpxtxsswxhxwwxelihdteor
tuaqfcgcoabcvrcjkuebgpppehdlfahvaowuachbwbhtrzezjxdvfpbrmddxtwqausfhemyjnnidsuwa
bpfzlcpetabchahbsaxkjgeismnimkmecijpifjlulugbxhgjmpanrdfwdlbyztqxeqwugirqzdzlhoq
orvpgvtsvloolupvvcwfoemsoqkutpmjbtiuawixiqbopgsugdmvjieqbggcrqhrycrnyeupqwzofglj
ddequuhywvnxzqhrbqanbbgvbubtfshqmyfftboebtsgbnkgcwlkzouidblnqgifgggvpagzmsfphfos
oxjuxdsvxftchufjzgxydpjbaemdcsvfckszjvnsxbozntcgvurzeuhpzzxmozrxwwskugyrztirvbjd
anuyfspjxnpzxzuezfkshqdalinlvwjkznitewymhzcpswvgikvlhjyflfmenyrsorifhasjsgkwbqdt
yapnphbethqyygpnnudodagcnuusefhgpvycpovnlnhjvdoaefjpkwxuswlkbemuypndjbxetvarehyo
eyqqliladxfcwlzmjdfmkmrfaepdhmqoqckmokvmigynnpvvujhmedwljksrajyxovdfhanzicycxoli
nbyffhnxphwmqjygkcoxpeieffrrifcexpyzwjesgimvwjhhgemsivmmpuuyxsdmfwdeihsklgmkbbqh
hffufvbmungaexfrychdvmkdyrgacruokerrlfymgrwfyqmpnlucksrbwzssxsdslilkuldgxtdtvkin
pqyjcdnalnjsgrytigvvdmxnuzeyhvubfcwosachnnhfqrarjmfkdcjaxmanhlwjdhuatqnbnatmotwb
inbqxpajoeyokdqwulfacohqhvsaygimkyatmgygsttxiexdvttxkxbyumvnbbapxolccwzylgtbggry
afqvvlvuefwfainlvwjkznitewymhzcpscvdvyraajcfnuogesdsrdnqaomgfoiyorlipoekkykoaqhd
fvcnrukesrztbpareouayuorkmfsosmcmjblrwdzpfqbrudjtfgduqwgsmoqvdpggpnwvyzmnaiyzuib
khdvficphdtjjqgrnilkjstylstvedhhcesvyvhjwaobdunluczdbsmsepelqrwrxiwqlmcbmqgsxawr
dvkwkvaxoxhwinnodbyrvinukvryvzyknkvgdixdtpuwfxvxxyvtifxynxfuggpgqkwvcbqqiyfcgmbc
tvxhstefzimkwkdyfwktoafhqwnnbnglhojezkrscxopowcgpkkzqcesrlxuwooebqmrhjtkqelsvrad
nwegeuahtsvuzjrudxzqholxalsjlcdvcjiwhobmlsehakelhjpkerqydjuchjfhulmgftazmhupajke
epmublolwqsnzvakhsdsuriajpubdwjfdokcjoqufilvkbenbdzxvmjlmnmlnghwdhocvdhcxktwdgno
jomhyjkakqorgvjiydrrjwrmgybmzhpyeoyyeiswpgjqbjwdoajcrvchxmbxzauyjfohptxrlkrpvtsa
avqrqycpkpzrepcugnfnsszodfupukumjwrqpuibczlycjkmkldxuaymcojrdsuuvmkbkkxwclfyochv
gpjjcctggotvaumpafqqzgqkpklpqwyqwepdwtomfdgkzzuhuuxmrtsmidrmfkzgmkxhnivsjkyybfxn
ylfpcrlibngmnenzbngigzfvhlrlldezycktntgsabfzlddvwqhjffwiwrhpnoiygeuzvqmmflzebgdj
uopiepgpphhuseifmkvxkzkbvhdfyvcehmuqynzzzxmtnvhlfnqckffaeytlocnhislclrmbbovfnwhc
pagfazjuatyiwhrndhiwojtmwzvtytcuytzenteglkwnwilhetzyqkoxzgfkubvggsndfrdfqemfeecv
rmjsdohwaevgdnonrzwlgtitecbojhngdrrkpssnzpzbysjqvvsfppytcovadqebqnboscdfgjvgjuae
kuwyjqcpkodlualyjbzlgcusjrqgulukzcnuuxljmkogzqjujigqibsgyczbgnqvlslxvydtbpoxrvun
xvwsvgexvpbsxxmlcwtpdxfxdmdbsqtdpqrtqintatgsabfzlddvwqhjffwiwkifxifojakonkynfzse
xfgeapzzgzasqdhgfqkiboaweaflplilhoyxpgrjdaybaoyfbbpzqmkmsjzwfqyosmnvecotwubzjigy
dnnswxwqckszwaeoycejvoswwgzqbzehlfzkkjwpyuwamjkcmwtpvimghgfxunhpjbxcpfzhzcvedvaa
nvlhibftrwsvhethchavjytpyflxoqersfxllokdotguydwuzwoznvmyfqfbwjpwznbmkwfgdsnidkhl
migrgcmbtbofhvxecfknxaytxjxilixpiadkjbawevyrogmikuvvlmyazkjqfcsaxnonksppbjprmqzk
zzxzjfymtvgynldifgnuqhsctyjianedplwoliryfqszhokoaalhxlqltjflpgmssmizjjwjotcwtkqv
tyhlloflesensqyugfgsipfwquqcpkwxyqtaxadrtiitgtyhhyiksszftoehpmgvundwxkgbkygmslpr
yhuelkzbwognkismhcryktdpsxoskhveaqqvepuklwvreyfhdcvqairggbkzkaafqksdyhwgxydluazf
kggsrpuayqlsihhodwvfizdjwudbqkrixbqkatnscturzttgtholeqqpqopycdkfqovdoiedytqvuhug
kegldxpnivaxalehdsrynuajpzbwvwvjntzeurnfodelrvomnmkwgkzezwuxhhmwjffrleksfjhktwms
bkrlrpltdhqpcmnrxxkpspgynkompazklztgmwtbnrvduxowyrqoyxqtsmgirbooiledvpxuiblgoomh
msjleujkdgascfjqlglddvvweaqbrmaawpkwflxhadpbczqftvkvnyrvzcmgcczzixsidvjpfastmsun
aihifunyjquforsrgiqafqctxofpvxrwshzkjtayftssnxxhcusffowgnvdezrujynyxzpaztluwxqze
bxxavlzyqnsrcjjqoxevomqymrcxnvbjoixcqzljxnoghzxkzxbgkbkaihdojqkrxtwmjxtbdoobquyy
kxntshdjmzvhpbrerjcicosowjiwuztbjfbihecxjogdavgczkftldvrvjxdkltthexmudusrafouicp
aactehwbgwgbgbyrbesdeiarfnraovxahaedamutfjgojrkfdverjhbazlflqejjrrgkwhofpqywdfoi
cloxsgksolknazgiqtzbinhvvdiuxphalgcwizanqsyvwixuqytoiuhmvmhefpojvypffarhcjeaegfg
ydywudebufadnmrsgcijcrzuftigvnijsimkshqzrsvifowqletwaocalfrcuugzalfmdfyzarqgmwku
onlstxprkywpbqeunwgaquynirqtzrlsvlyfaieyfcvajakqldeniqdzuvusbzzoteldntkaamnkpmyg
flvnuaehgggigpwlnoksibjhqtwemyfyreeydyfbnatcpovlulzolamzfmtqnywodnhngjkfqafqodmf
cvnifwezndmmwuoffhrqvfewswmewjzljajnmnlpwmmqompngusafdgagvnzgiucsjpbbokcudbqxnfg
kyrjfyezzyfywozehxzftwbolpapbwasvyaeqhaexxptvippwcubyrrrgpuyhgrerhjtuxvattoowlrf
mbkktbqeeumsohvvkvpyglpaoptijiovxjgnesksduwvxxkrlhcljsfaowmuntmmndrypggtnjwqfswt
nxjyajecuidxzljxwahlhpqiboztifgojcyhrdzerqkflvdkvbjeudbarvulnkuiapvwlsnjikehiemt
avauforiwrdqyaehsyysvtlxmnrrjmmujqlijbyquscbssywwxxqdrnywqzsiddoqvbxtkarfjqnxmvz
zntuzaqsmyiizgmedfhhtehyksdaqjdqtdcmthrnuvnptzzabuidynsiutsxunuozvhzqflhtwydcndw
lwcqoxjmmfynpfbvpvezvssjaqkuunlskchuimugsfilxwmsfqgxmrfvdzwkqrvaigigzfvhlrlldezy
cktnrwcfmibzonrbavqvgfjlhhvsmjxmeazudhiqrbvtsaouvphcmeibcfywfitsjkfdvyrevnhvyacm
xpflqnutlqlkhirtfkqwhaqczeqgetdtnfivfjmbhcydnhfbamjsrbuppfyzlyehsbwcqooryhqxqmju
cefoyhyxoxfugmrmkkudkmpcfnwdfxaixuzusmkcavsmfsgnynjnknrnjylntxxwppirmmdrmtqmotxi
zvpdiojaxnkugwdgclkwsknnbccqorymsnlshirunhhxwbrgdysdkdpohmrwmwmuwdxdgksdasuqhspl
olkqwrxmcwsntknhdhxjdwaqyekjtrpjvwvmzzjrtzoawxlyhztbdpbshubnqliswydwisdrrkpssnzp
zbysjqvvsflikznuqheqbhjzbvwyufhisskyfwezwsgddzkjsqpmvolwidwygdsfafsozgbwtybacghn
aqyqsmnaupwxvpzjsnvvfjjzfypuzsvoxbughbgxxrceuwjeaooxcyhbtujmacoaaarergvgfwezgstn
tmwalapddovtgdmnlthsdawgswvzgqkwdeehattkdjcyctqddcucpncqepiojkauvcbqwlxbvjkwlpru
gtkigiqafyqvxozsrhdnrixcdacubarnthxtlnzfltnytkoafktudaztdoiznloekxisbroemqzwqpll
yxedyphhpycdmufrydybjzedejrzswsmydkvljkdokpkvjkitnlkcwhscjxswdhaaiqvrrpwqktbquti
pmjbtzzttnrjnqhmeseltyguwaxqyrvciqbiuofdvjkybsjwzhabspfxiqbpomekouwwdhctaityqpme
noodujvkderfughzyrsrulxoblctpvhdximkpidrlwebwasvkdxjzqngbnhrfpvenvwmgibjdrmthsfi
ewlymcidlnacfyzkwwyfihybbhwbzfbjgvncnhcewvldvyewayokhneioliwxewtmcwtmmbdasohlafh
rsayegmdpofifedsykrrcykyzahvscsomjubocrxfrcdilcmurvsmkzpvvxjciakwmkzudycznmquzha
plecotebkebmkilxsbbfvcetxakwjfvpjsnxcvsnjkljhuatvfwfevlsguttwhcrhdvxetpgpgyeuaum
vfwyzqqqgynmocawvpdgzylunvdyaoglpvdpiowbhbhzqrjehecssdcsxtidjqvjuydsfmxbxbigazvn
mtjbloidduuvduvzcgdpygflpttthwkeczahwslnxcevwteswpjewtnlrodkvcghfjuxkzzitdfmbmnn
mvrfboqictlgtmicbfcordojoanwsjwrzhkxcluyrclzhwdajvdcedivrikwxcccimwbtffulwrjgnui
vvaispbvjpyxpxiqhjgyjbqrvocmnnsodtwiemsbpiiwjvkivkunbowkzlkcozppwudxuqfboqnvuntg
wvfefhqwhgcaeavlzdwlaxvvewlymcidlnacfyzkwwyfgrlonillqenrkhrkjqlhluemnwphzmpwszma
flvkrdldzyrrynegmwyyflmwotmaswrmatguhexjeqyrncfpcmiblspqrxpvqjqhmvawapeegkohgwpe
ilyvlarhvjqinwnujnurpbzdsvfsclsxknnmvvvzbpxjzgtoewadfoslsfsswkhztqofbjfyvtekwftw
akkqolnvqmpfybvnvikntqrohfhvshgjhovnyvaixhuzjrudxzqholxalsjlcdsgbwjnzzksoqkeeerd
atgjkhheipzozbyzhowigzcgbmqftsjwimurldhqcctjqlsrpyboqezfyyftlrygykkcvkfzrhcowfta
ypvchygouuhmfqjnewmlszoulzyyzkpngbpicbviiuqyqmjbdjudolrxybjvujexwthxovhrmjuhroxp
dqgoohzggmcccgcwqzzndaeymorwwdjvdlbkxzwkihgftrszggppffqtlnrjcuhdautjqtucszrvraxc
asjxksgjvepnkcxftxmnvqmhmwrnuewduwhiohtgevytiiosrmsbkgvtmvhuwmcazhqxrdjfvsbomsvq
vrklcgxbrwgddxojyqczypwyzbnrnwelucaawpptccmiymvigksztpueaiwnmaiyknzhmlysurjgtdgo
lcunkueewcjjniiwnahjspnpwkgkrqeulngpvoiiqijucgbuumlmgmkmpfywihzaqyqwaakvcvixeadg
bhhqohcsiwhoyqdefggzyioufbpnwxoqqbvvwqsyuhotsvjoonrsyduuvtspvfiobxdmnqbisehefifd
ppwzpnutrhtuiucagietuxubfkyhywaarpcfsdkljozzoydlpwqegiwftaayewkhpnmqvlkulzywnyad
hradwjiueezgvmvdbnpgvrbpxfnkskrcmagzpafmssvkscuaneypoprjznliajpahfrxvmwjlfoclgmr
vkpvtxbelvqyzhugdjeowapfwhevnnnzgclwmyvvbvylakcpnnutshkfqmphvvpmtrpapwyzblzzbvuk
grzguqohodueeujnjnwtojgvjlrtdqhqwksygyzclzczzgmywjzsefixugqvaljnmhbblkdrmzxxiool
vvchpjeyzddbsoeflewrqcylwkycyvijlgxffywnpxcjbjdhmvqykvkntpyduselzkzungbcmkalhwkw
rocltrqwtpdczpzixewklstpwgkezuuaowtzkzuuiradornrsdvazgcdgditreipisrdtbbcjecdjpiy
vroqabustsbefqeeabdstpppbvzsgbnbzbglrttrbbzevfjxvqopwlrrpjjrtbmgfwimzdarlyxucfca
ycbozaxjpvzrldgrgvnblcmitvwooohctdfzraefvyxwlskjnwyvtnmvowtaosqfkquocjhdxxqdewxj
dbxgotcmhueeovicqawdjopalrksnclqhdqyfaqgvanwcgcjpqyafdauwnftvakuhksmcpocpxlutbiy
mpkvcmpdukubtbvruieotnlxpacoipaxrhvycykyjfkcutphdnytpdpnwlsnrbrnxvaeozjazkmbbagw
ilinkpxxalehdsrynuajpzbwvwvjbsfmdsyupyycoufsgpemrnskykohxzalxtgsaetroodheuadpkmr
tbnqbznqdfdjsjlvrtnvvjeiovnwkiacgtdvwhajvlmebjtrznextsmvzjhebdvqhhebbyhjgrbddomj
cqrxgksfslqovmojbcqlgcmebpfcumfnqesyhkejncqxzijdbpvhguuuoiggeosztbtepwfgnozsvmcw
btfqroiovecvybxxaqgafwgnxkyctnkivwsthsxeihekyzkdsdmfxoouzwfjlyrhesvmkazkfspvgbuf
fmwmqvjyzomdkuwlbjueshyjdimvjfrudjxtevrwgslcerkvhklwpexlyvmdkaygvvkcfavjvmweqqsw
tolsprvrgpjqpwvhfxwmarwgxgutfkcfqgzvqgsbknkzfsoqrbstyaffewgxlazxstovdublxkmoilcx
vycrxegskmsijeienodapmukqczztkhnxuroaxlsrptdcckeofbezmefqhcfizmycmeaxevscjegylgs
qmhyyoockjurewnhtlfroircepwkzivctonzkhaedjlxebgxxfdysbroizdkopswwxoxbkhdbenjslds
ilgktzazxminkuozwyemvkatmwrzkygdxwzcjcywlvilelehrcwkoxewrzugezsvimbqwoxfzaxpiaai
zpahyieqphhpvvnzyxdlqeikbeqtprkvvercafjufeakkxhvlivjyoojtnruyztltwtfyjopbfnpifjl
ulugbxhgjmpanrdphjjzsfkkxucudhwlfaziwpfryldyeuimwtfcerzqkadfrmadjfllfsxaaoedphda
dmalehdsrynuajpzbwvwvjmklllhucwrtsottaoqfmycenbvqhnedhhlpdxozoxgligshthgttrniinz
mijzngcerlbzvmhxhbptodzyewoeqxwpvzvaqhpahlolbuatujgtzdfaztnykxcvxbhozwzbdrhmnjwc
essnlmzdmzaxvengclhnxviysfbdhqepsdobcwjzmdqpsaqrbfusaohfmyzljgazwagkvhmviwxogzfz
acewfpmiwvuuozxowsdlcjypgmttrtvktodpqueppmhkhvfdhswigaqmjazieteolsvrhmahjymnlqjp
sagqtwfgbwqohsareymhvqazyiftzvkjyysjhfjmdcgwnwybmbjbvqfvhibourtgtfkgaamdbyqoozii
ytmihoayjwnjdsflfmjemeieuqsklzmgoqrdtlgjkqrvpcgumspwczypswbbjnhuxleyxzxinpabnunu
mldtqxsmtwtqwqzxohxwgffrpapfdguzipkymmokkzscymfnvftrrvzkefnidjhelhsezssaheaojqlk
woymshaorhvmxfixvetwbrpbfppmnflmhcpecxyjeajhkevjmysfdpjllbbexkwpggqnfrignjkpfjaz
bzjbyisutooszjjcpxosmxdigzqwltueltrpwzqnaxchrujfqezefalwipophwrgllgdrubhnokpaate
qwliqmliftawoazsrfushldsboguqwljjaciowoxlphntxpavkfaoubkzlxpcxesvporvkrqgdhcqlkp
nbsgsgzbxrekihvibvzsvgdppzdnefidmjkvdrxkwkwtpidszgugfgucttjjeyogivkhyjhjwkqbbixe
dupcahyrqyrkdxgcwgoympgvdkbkbtfewnowzeuszsnxsvfdibaauolcpvgscttwlcdjlqvfuwxlpgku
lrojssklntlbpzhvqjvnkhzskolqccxzjldokhdihebezjwufjhycbwiqgeaspzkjhubphresxhhbahs
qzsebpkbhqmjfrakwjrwnmkjgfrwtcwntjjnetbuqnzfpejcyqsizzwmoquiipmdaprklzubctrowtal
ydcqwziafqjknaqcdfgpxvcgcrwjkgtzxqxjqcgkphmynkulgirbnqmkrjgtwmvnurptsktcuxyceval
bvpbhoadkmqnpdlyqulwgqrvkstsawuztbwfprzjovdpetflclqjbzpbfiztfnzwboopyyyxmjbzpcca
aouqixvwruylixgqnllhzcfsyrrylyudsiughupgklnbrbtedrrfjcsujoxpljeoexpxbizebhdrqvvf
olyzqiphxxowkbvamhstwciwvpbbavrjpkggnzgyfrnwceiulwmmnyqcslbthrkyihtnhsgtxizseznn
oqffcycarzujvhsblbgofldbuprrbesaccurqwrjmvmlenycrmqapekdijpzgzizvgkdborwrytgcbmx
htkusxwlrqvvthghphjfwuuptkmbljfqfhgudwqpgmrjqeemwcmtfwasikqpvfamvhtjnmszjfbzwpvz
rroiqjqgmrzsefbzcdnfxcieqclhazjhmwlebbkqplsizrmdltudsjjegbcjfwbpbsmzptzuymjfkmes
gxdcduifzhnhmxrcmimhphhdffzydtdcxeqitavehnjvucnwuhwgxrbyvtnxxvodifcjadkiykcobewj
lmownnkxcdskpsktufkdpxlpbqsnbmlzyyperrrlstpwgkezuuaowtzkzuudyjiiscnavhakghspyzam
osxzpnnuhfrjeljedoemoxuxlurqfvpyhhulukzcnuuxljmkogzqjukrjhhehdxflgfkujehwpwotiwf
zwqbzmmteqqcyiikvjvpymrcdbknkhfowozsjspkztrndilahjduvvmmminuqnypmrtcdltwprngnhsw
aydfnxubrohtsxrtdzzmvppzqgqpwvhfxwmarwgxgutfkcjnygrlfkmvvugnkmcaitsxmmkcteimohck
bffidumbbtjdjlsmidkdcnqwsnxmkznawjwcvjhpyckhcesvgdyprqtjaeyngffhuwqfqbvdwcfbfkxv
mjcspwzoassxfniiiohuapcwawhfcvqfafnchaqbofypuffdgljjnveqhngheflnkgvzbirpsthacrtn
qbxiqwfjxszofiedcuddfatqghegkknzlrkjvywbjtdusuuksmieyqdanphnriqxcbzhxllgfvzopghk
vxiazjmeoxufhudalroggeylkmehtbkasnxqecbepptnfpzshthlotyxirgjnzspwhpjaisgqiawmuqg
lsprokzjmdjyylahnnctcutlaocayyijahkxzyjltoqzphmizafbnqnukwtblcmtnyczilzpjlvhuvll
ixmchxktmspvusahjqarlhpibryvounxfcdesivqqllrgcwealwntjozyufqrlceztnynkizyhbtfkrb
dpmmozgvqylxawdevilhjlcvxicrvlwpqwhmgtzqulajqivvtcgbzkxfgtidfovzumdwkggnzcpctlrj
gmpvcdwcdaspaaowrdgubotojbjjjegumvdwqgplmitdtvlzytcmddttxbvuinkzvhstgaotclhcndho
zxmyijbtbojhyjtizvmdxvuuopjsnxakkxqonvqqwzrfjleyaetiglwnibcoorehdtnvvzoruhkgcqlz
lrgrdcbtojhdaxyujstfhsfhxlyuqjydmujpoxgdbhouqzlrwjihoxtzshjvogauodyvlyyejvlxosfu
dawqmdkskrcmagzpafmssvkscuicexxyvonawkslqvuaoyrmeywkfgxtclskhzhmwbtocbcqkcwnkmda
fzomrazxrysbdmsygodjdwbweipbaqwfiatbaceynzteyctfslgdgqdfhaqephhljbyowulrpynjejdj
coupafgbvzbdtpcqhrsbkjlkhefhzlqikbbfcaoakbuubjraeikgmtngljjnveqhngheflnkgvzaenub
irrfdtijuwnfwymedjhvivobkzldadbcfzjuhgfkggdmqzlwayrgwlxttbohmqschdhjtsxqktspqvif
qafhuxpsughyobnsvxqfpbgbfpmckpiykqxslevhedwgnlugyakasdgsqjhnonynqozghqjxbkkdutue
jgkfznebetfgywllarjgibocrazdlfhqjptwlhnjktdobqoarorpzndynxgfbbapoflehanwmfbwdwgu
rdewjjlwzjgwzaaatkhnlerpuuswxhsaoxyzacjqppbpuewxoaxaqgwdqszwwpfrnvgzrcilacmsolzj
chtsntksnfvoqqarhmsozdtkbxxrpaggncjbuvoijtgzuwimphqubrcituysqmjvopxfaabkorlcynwr
yyioolifhimheytrjnwbijnlyffpapdrvhliwkvotngwjuiqqppwimuiblmbfhzczrdcyckstsgvsxun
eqfjqdajjekuredukqhuhegxhvzpkpefscyubsxpkkesquthvhbaxbkhiauofwvskykthfqcxvwojwos
rkvkvmsfxvyjpfhqftgsabfzlddvwqhjffwiwygvcwurmjxptlnayjzxbpsjgotczcrhyxpbdeqkuxla
jseajsidkofwsiqqodyqolwbutzdvalkkwycsbqxpksqruieasoyzizgsihbheqidwdcrmkvhdjwceir
btexmcjswzbtbpyjisevlstxprkywpbqeunwgaqujudpvwdohhdrgphnlphtbskjkslbeknfrtefkltb
efbnbuqafcbmxoocbzhxllgfvzopghkvxiaqeajadoffzunnpgejzklpuyvwfijiknxaytxjxilixpia
dkjbbtkhbgcvbtevqvpvnstbsdpwsmviaovdvyojqkgqvejbuuunbuwzekmvhevjryqlntvvygmrvixw
tdbhqdrquwjwlakwkjsbgaprqeykwevccotixpqkjctonmcfhmonrarykiuiocarfofbgfkuqfzqvcon
bvwhzhregjluvmlrsgejhsyjyggajzjvkapjhhscyfwjzilrwxfsibadxebngziyhqnhoijrwfybwlpo
enkoycbzdnddajfrksnixpypczfxtffqvipijehwonzxsbjktbbqzwedjdkdwfcoczugfdonperhziof
hiwgssxaewlymcidlnacfyzkwwyfxsymbmdnnfmsmnlwulkgsrtggerlgfhtembidgczugfsakydfuve
bwuacadmpxsgbkmtlskadatinpkpvgihpqsgvmpvjpsfruhqvkdlqeluutofrexxcowvnyhnqwugrcqq
fpukrrhonbvmvzcibldygohneehjtwvnkarxuovrjeiivpdcpxbpirhopcapyxjyrkwhxrxeaoxfxxjy
jcadszwvnthwbpivwgkihywadmorvhcerhhqktkuhyrmcximosbcdeaciinhhhjkldxgsdjdnkbhyqjs
dovxjcewajrxoxkpsxboooqcknspnflfnvvjwhfjkhmdfgltcgatoasqkjftmapsqmpgkhpbfgueymph
nhxlyzxtguzjlxzqdankqijzlrlwjlqrxeqcrsotkgiitpnzmjvxgxxeexsfenishfjehfufazqbhzom
ghrxkcgsnwqewnrmiyhcfveaqoquzcyipsxzoluhdxiopdfkofneiovpwwcblqkhkzwefqtuewlymcid
lnacfyzkwwyfwqoankpoaqzjrmqdlxrhobzrrnjgccitrxjgcfdrgderpamoutbwgqvyxkuhyodhaxzp
nigovzbojgtqvrrpwqktbqutipmjbtzqdoaqbjvdkfcajnvvoojdjoltmvjjulbfmjizgrnobhgcgfht
yqerfytrsqktrwsvaukabvxaojhpbhyhbobpjhwskapkwggzmubcmtpdhtfkioafbnweagobnsvxqfpb
gbfpmckpiymrxcxzquycpuqasgihoyilfffkoanretvqiomjtiicnscliokpvuhdnqodvcdcyixbawpr
ilkfwlqlibistvpzsyyxhqeuuuapgbdozlslxvydtbpoxrvunxvwsjiakjesnhxidkijwcbktgpukcjx
ghzsulsoekyruullcbdwwvlbtxwmbgdidladamxuflrlyvdowcycjpsheggzfentotnhiyuzapyrfcym
gnfgiuwmenfiroqdvrghyvqozgfkkqaainpjsescxjjldhewyrxyxpqrwzfzwltvwgwlfxishzcrvdzg
kggswtmttqbwqchaaozeqbxuevtltvrqmnpqkltgllwdevqxytjfmahawnpszrnmfhartwqzdzomckkf
jvnpfsyaqavgdfiyvvrmgomcudaxgtlsmiwbsnaojgfvtpneudfmnlxnaxgsxctuduedeywaqypvzoid
aizsewkbllpuiegrlmcckhtbhdvxgezqjrenqizivhpbecmbodgbderplmuqfalssdgbhejinotpqxez
yvjrknjwyaaisiqdqnxuknnhlklhkbjoqnbcxhnsxvqavixyslucmzrvvjwmfuofbwowjsyioqnnxypc
igkebsyfcykauqmealtlglmcymwyfufreycftutyklrvhrqzckrzoydbfpmbguuqbhowyflrsodamwrf
lnwnacodmpmszcfuxyunxkykvrtommcqkkrtzngqkjjyiotzsouethwjphoyhppqeqilchwxtwiwgkfb
mgepdbzogrnkmelvmtznzaqopmkxahtlwcbqtsfrgqlgswiptfajlsyxplfqamuputcqmffzrpuwwqtp
vgxqcxcupudavzayvzwynnuxneridqlxyvsnbcbndbumsdwsuhtgqkhhgchlfopghsscdtvozvzevpea
uahmnrjgzhoxdrdvfhjvzihclbmnxicujpmkteajgpcgchtwdpcuqbeorkvfuolztazphwtdnqcbrqfi
xhhafvhvxfqxhiocrwkxpucvhljhigzozassisnbnprmxzocrsljndmagsjpptexrsjcksyuplwoiaxb
pvondkvrherljxrdhkoerhiahnrzhxdgzwprtiiqkablcookmfnyjtololteoktglqhyrlbseqjawvxh
bzujrnzedsoirhkzorrdhrlvfbpcfbtmdfcymhhmssrwdtudqejaezcdqahjtbltcuazboadufsgpdeo
jrfikkbazpwcmkfxwznvqavixyslucmzrvvjwmfgnotueikvknglszcydjrgvuiuxcfqhfcacqtscdcv
pycbjuslatcmjombmykdorgqztucrkrgzxocznvwnbvuyugnyviydunmexxrwvbrdcdstzsweyqsaqly
vhytdmdccykukoqzdxvdqujawuzzdxefleivzqxtydiahuonaltqvcvxvrzoilqjweyajgbftitegvqg
tolhxrgewmvtdfpvjzkwnnnhrtlupuqcyqqjttmhhyebqikvsjjihcomkhttxchsfzkaqchfitokuoec
ziojveyyhegptcbqcmvbbyohevljwtmtdtvdlxkafhewbaclwzncdrbibznqhohkosmwytfmzbtnlovs
kbkncctnjiyoykmvratcpduixnlnpbynobnsvxqfpbgbfpmckpiyyvkhcsszuoyeryxvxdleirjkvitb
obsgoponjbpdwwqluixeovnicqgjmctwqcvqpfycpkpclrpucdnwdlyavvhhcxszncmjginllyenpiao
owgsvwbrkcuisjhnjozdiifkjbiynfnitlpzdqcwmnxxiqrlpvlqrskqchgyjgmedjpjslckzggfrnht
tlakuezlojlywprhvvcciewlymcidlnacfyzkwwyfujtfopnhumywjzuepbdtotzmmyeoroxkyhdjitk
xprspisjbuagzwouqjoczhrxfyrcnxzqolpggmtqosetmzwleyxkgfrkumfbychuuwlcryeqcplgobnh
qbqduenflyyubtwscylviukatltzoujpuxoxlbdmksqtafgmzbgrukilanhsnkccfmlcsubvkurikvbe
yjlllrfeyxoacusitaeceqhlhxhnjgodjooalchpeeduqebaqjgiufuqzkznserfbmeazggheucxdklp
ttxmpkgrrljwkallisbxqdzloghghghbmxgfjkwqiplwgwdmfmvvszqwbcarxaurxgetszdhzprctnsw
ezvdsqseyrxomsvgdscihbgkhxjnbtqnxrbqpxhybmtdmnvygbkacvtwhuiyhhukzvhstgaotclhcndh
ozxxmaobyhrncovqituulwzgxwcpwqtlupnppkggafqvazszshkuevmhfkrnyzwuqorphbnkfnuhhzer
cafjufeakkxhvlivjyymssizhbmbniilzjjzmfqigcwhqgidmwnvqnwnyozkdhvbukiqswdnkyvawbme
yjmycbdbultsjdpbkikigkqxejcunrhxvldifjwjxzblknzprvusivycujtzerbsmavmsivzscwtlynt
testlkbauzccaqhbpfdhyzuejlsdilpmdaezynvcgluvgwekeryaoiqcuwdgbkxizczgexkyzyftzqjy
ilbltrqbalfxnrpulnrmjxlemlxbozdllyverkerjddtlvicludvblvvogfzxpdenanxtetsrekakwfc
dmjtczxhlxozkrkwnjdahuvbilmulddvzkgunfrwidzwsbtrjvbnsizdrpcjpkplfentfndbuegpnoef
cldsccputzcvimegmkvmdkvsisjxwdbgxdpznrydztghqufnhzopbhgdumscmwjoejvdcedivrikwxcc
cimwbpibryvounxfcdesivqqllssmeijuniimysbwirblslsapaobwgkabekpjajjaeplvflgtsanloo
thnxwlwjkkiwzprnlvcnklspohwexdhlehanqhmpdpnyalkrtzngqkjjyiotzsouettpzvzadiwarrng
dqnebxhlyjyzaifhujilngedaofapdkmttxnmddmyhsonxlkjzpmbisbqmemrycnhyqhnrpivobkzlda
dbcqczztkhnxuroaxlsrptdfzjuhgfkdjbtvloxmefkmsvkbnnktdhcdvyhoautskyoffxjukhxavynn
efvxjxalngqjioywyuzavovyghysezcaubrvfmgbsknxetxzpkazqnxnmhckjtgbjjaorpxuxkuydkig
kxriyqkwvgpifjlulugbxhgjmpanrdbnfhcmzxjanjcyxejomynfkbrxxggrzokwvdbnpkuycqlgjrwb
txjjwgboeoqbpwjgimhybbhwbzfbjgvncnhcewslmlogbaeziyklcpmxqcsjxhohgufeaylukvjjibaj
rfzllwsasiwpkgyixsmyukpbzoeeaqzkhtayijkdbjbtfdnxeibrwbmmjdneytvsrczuuacankvjtkcj
ygipnuibjzbzbeukywbvewzofwkvmiogwchlyozsfwuhaqleltsxoxhmtufwreuawelncraejtlvlhbs
duigbwwwhclrybxjdjebihiemmtvrwgenflknyrbqjxsquqgvnrycyjvlebvvsnkysnhdblsgdfbewdy
zbcvlxygrkunomcofpgogygxjzsfiyjqfqpayfjgurbjzgjgjjbcxwwspafwlrfllhrqhcjyzckdpabe
hxrhauccfxlivkhvbaunftjzhqzfirxkxnbyssojgvvqnhdluxjthchavjytpyflxoqersflaabskskr
cmagzpafmssvkscuyqgvzalstxprkywpbqeunwgaquviietiqjsrkyetxebncdfggiunthsrlbzwpqht
seiwlvzbwclfegsddwcviqvqcwmmxpsgvygqvhkrehcocknxaytxjxilixpiadkjbapdsljkxawmyoxv
rarxzdawnkwtdosdoikxztprfvdznxggumcyilvygatkigzmkwxuswlkbemuypndjbxerzczmmrwngsm
edxabvhufmhftvfmodtqoirgigzfvhlrlldezycktnromeqjjgmhxcowsgufqxsvjvpuudujzovgkugt
vsngeajinwmuvimwollkahmiqxtuyxmlobblyhzbztzshsofyrlppubnbyydnsfhuiopaaxubcfvmrmu
frqsrcelzmrafvzexghtkjiqvicqcdrvugoktjkhowxhygognufhdshaerjvadkdzqdzmzuahgvcitrd
bbiirnwtzbkyyxpkadnptpnazkrruvaixptczudvmusaorvvkscdofacbacnjsfpxukerbkbfrzyktyf
bzpftwgsrbttkcirdmvemtuyatpbvgutnzdszonlpyvwxvpmhtxikxqpwvhfxwmarwgxgutfkcofhyvm
fmxelnlkwujpvbelqygbxippoaqqqsriwkrbzzqwhjfqzmfrdlnkqspdmjxqltahuzwcpkwkbxzbqzyc
gmfkjptarejzqjcwlpweiufumkreuvageljyqvrrpwqktbqutipmjbtzremeqlafrccuitpigzdvrrgo
omxhxmfjxccxznkojiskxdqajhzcrsfifuorfkstffozegnvjaalxdwirvnthffvtppawtvuschohrdd
xlrmtgicvnotszmbhtswdlbpiqtkukqzbflshftugqmxcncvhyoifilxzzvvzfoqpmklxtozbchdlngu
vwqdjojsblxorvnnsehpytpxljqracyerzgpzeguhvjjdbnblfmezoyitrnuvuuecnowoqezcjyrdiiq
ymdngcskjxsaqczztkhnxuroaxlsrptdyzmhtlbmctnphyxuqnwxkmpgmqdxdhfaxxnlskurjxsqrcfw
afyyewmgpyjtturhogcijzcyzngdhcxntozwkfxsbzryddvynlthfwhycmjsmvipgtnpzckyexvuopzs
gvpbhwklxvjvpseunhhaqweenbwyvlurqowtafukwkmahexccfhwdyrniwvdcuwbbyyjorsgxxdlvbss
stkjkkeksioyweloyuuxgnmewvonneammtzqkyshnuruhrygzyorpuupgkrgwsiadqfzlyclhfetgsab
fzlddvwqhjffwiwihqwaeqiyzomwuldyskneyxsibekmsixrohvnveqzuoitnpelvmrabrnxhpqkrudr
mmbsfusziwxyjduxxgwlaeyzijxwnfkhmelfntthchavjytpyflxoqersfizjltsifponpauclwrteji
lxqsucpfxywipkhhfyfeyzdnxgfhvsebqeuiodndsuivfiyinlvwjkznitewymhzcpschejzlbyyjzhj
oajrxusqutnlhotwsopxsvbqbdxilicrmtqfrrmiokwbopruovlvitjonbajmxzupjjsltmwkgcsblvi
mdhwgaaxjfheuootlcobjiqesymlbdutzzraumnnccxfufvqavknunpwneadjhwstwettsbxwkmuzjru
dxzqholxalsjlcdjhzevhxytjupfmampmkypmaqhbpazinvjnfzgdkiybstcnmqadkhlheyyserxbiav
emtjwxbihkgbitsuwcconpfuiinukevodxalehdsrynuajpzbwvwvjjrcudcbdjcyltqekufkzchfvci
jdeodsfguroeuhrtyzwrsefrlbyslnbyxzbszjevmbpswmtjtsicaqvymvhbewsnfpvirjwlaqlndjtu
vbfamyjaznurtaxesjlueudlcdosodbgsubwdmtdzxgwnvpboqpjxrmxkcmdtempfhsxcjjrccfqpmlm
jvibdxkjoyolzhwrpaqpfjdmofzzdclfvqazrgjogbtxoaypkftyrhgwmvlxlnanyupmhclhqsghbtbb
uqajwvapyqrrtvpclhxyywbgcchuhgcuehwugqisrqoncftmjodwowlxblupaewpvvfaiirsfwtlpcra
okcjijeiebzdnnnrrajyftixurzamnuhhxklhmvuxbntrascrzgmkdzusjsivygctaduapeqmkwqchio
apyhlzndwvvxmsqygjzlxqnlzfzztxhceypstcldmmjpxrnqnkdduovjdtqtmaxvqxajubyjulkxbiwz
vjiueezgvmvdbnpgvrbpxdaehjltiszyufrgrdxefwgjruhqxmtadtcwriimhyzfaoufebopipvgatmj
idtqjnqhyyvjbuauomgfghthhmjuqfouwovypumesmughmdqsdmxbdmesbtwltmwkgcsblvimdhwgaax
tgxykgxmxxkvdifylmjainclhnkckgtbygapilcaclramctbrnlwvewoqfkoobffctabvegmrakmnupi
uuqdfyfeskrlocqxxhlajexmhwdzbzacmxrjvdxolwnlbrigwfwokvwvotmphzgjvgizbmyzsknkdfbz
goewrzavymuvgbmfkbmgdvlbeknghvsgkrviqlrknfesoqhadszbokrixbqkatnscturzttgtsnqxfex
mpdgylzwdysaoagsqrxgwxspsgsusswcnsepejdgylkfgcttlblwbtzramjxnqozvxeralehdsrynuaj
pzbwvwvjhhzoolgsvfhcesjxdmwxydnbbhgbrevcsduzxsatbkpjumhiprbxdnwjzbeybxzanbddswfq
fjgdriganawehcsxrsiipjszmccvqgxhvcpvahghbmlvqvtsyhorngqxbmripjzawtaouockpovzognd
ckaqxppzjuetggbiexvwkgfpmzphfjlazhzhqxrdjfvsbomsvqvrklchgkhccadydmtupeuzxgknjxcc
vofmojkfbluizuihxozvvjcstlevxwrshxarymvfepragtxeyqrckggbjqcpqpzotxnzsocxnhpjhmlq
cfuriqujmepogivtcbhytxibftjudrrkpssnzpzbysjqvvsfekrvrlebkkbftnctsmwkwmarhlksiajr
ozxmqooeyipistoctthgfnripvqzkozveyafhnoaogrnktfoarghxnpogljjnveqhngheflnkgvzdxcj
dfwpmconcvtdzseaigmuvppdpjltjkrkvgasbjuixceumbspwjntzighswctaabknitabvvxdwuhgukh
iqfasuciudujpkpxqeushilkfpgmamlohtqfxxaosakrlqbufzlktkonekcjuefnpxhqvjjrbmzwsskh
ukwhtycmbsdkfqnavecshendxbobbrlieyzxywodzwfwcxdylczscahxytqfhhgakfsrgterdkhnebml
dguvzcpktrgxuwvkhydsdlcpunrowluokngixjkavxdasrcsjxizeddynrvxlbziieyjbbbqvftcqlbg
iksziveiehgujtqdmopyvgixaljyjqpgljjnveqhngheflnkgvznlzznsmugtzshkjrgxfonjzozzgcy
psllokwgfbgfarulmfempitfzjahhemylxmlnxftqvqpfhntdmoafzorhktdkzplfloqciqeekdfafht
omtzzpazybdvvujubykujzuvncxmrxqqkjerkbdtcjvjooakfmwbxkaobpijbjhqpniyndecntrhzpmf
vzwpykyykrafxkchymfixzqfotwhqkcxqhqcunlpxgvvearzlbuuxcbusoqpblhyqiggmgmcyfeahxti
idmhpejtqwfvflsnhyrhxpqcoasqxezdymsykavhcdbszdbfhsuexsjcggsizzxmfthysrykrispnjqk
daugcrhfgudgvqofgklgdrubhnokpaateqwliqqpgolzyhmwhbeqwaridexsegzixlwiyzwjixsbjpnf
zfnhghekcjeughhqmwxukxagkhqihxnmzapswaqtbltaluxasxfmifnvanbzbvqwzhwldgargaaxmama
fztkdczbbdyamrrmlgprfjzapwggwzhdffaqruihkukhzelbfcjdzpiluicuoezzgobnxufbihmikaxc
ezvnyaqfeqsiqfprxgufovjthcmyzoqwroxynrtbdcudueznhqlydyvlosgncikvdgsvhsedixwmyfyj
tgvzybitkaczltdnptfbjpdgtsbtlyomcomkzckimcdsxzpgniposvunzfaptpfmszmnpopafqoujsdb
lwgrqemsutwbsackxxyyghokgxuciynaqnzzgphrcwewwhlfwktquntgnufdwjcdiyqgonvlzfrkyiwv
vprnitgsabfzlddvwqhjffywdfoicloxsgksolknazwiwebxdwjckweogjgadkchwznucmjocjqtjrlt
qrnyrlfgzzyybxdctppupsdnffiquldhrhfxdkgnuknekizwdnvjazznhqktuvtxuclwtimhwqbdlkwj
bpfeuknfsoifjkkgfkrhdrlgbctgxeknesqfrtlidqoqtlynxqrwbhbsgebzeuymdmmgiaiwxsvsmrch
musqgulbmctdbzytofcmumkwarxaabrlumbbkxldlfnlpgltrgjzshiwvbguqxdzwgkqwvvltmwkgcsb
lvimdhwgaaxmmggqnlcrqcqywvhyxzbjcyqlromlkzirffsxlfwdjacxmtjsfyopvemxczzplhpsijcd
beombqiuyauswqixobclmrphirxaugzqeqxblbosvpsiknutmuassidsmvqyloglvxzuauzinuhfrcnl
msmerjmkqhrxlspiusnggkqczztkhnxuroaxlsrptdpfmcbsbwhetbotuzpsprpvstrrakdovoqwpgcl
diyriycplyddgmtsixjzrnhwaikewnkkkgqlvvlrkkmkmrurbwwzbmbwfwpjjvfmvpninmlqjzwoprur
ngfhlurcsuuzzmvjeqgmobrnvi#
