6796 2444
fnrwywwiiepffqfairlwbkowbaluzzivrpubrywjpgbcvwqwjirmziyaklrekhdkimrxkswnzxlvlzgm
rlamnklvlcjeirrzvlhjapqyjcrwqtaeuzffhxqaeojpxmkoibasehsgoyxzenrkqojyenrrjwmmumxt
duzeqjkxhdgzfsrwpaltkcwshleonvsfmhgdukgkucboitsogfukfkbtmdebvbaezflrswuscckpngvl
awwerjnenshmgjqmzxiygcctgqtypyrorycpuxlbtxapirgtaptqcuojqujqrtkmzlambgvvqzciconh
zhpbrsbwsawlszgncprdbvrbotrjwxspfwmxopnbevgzmoyrqcmbwhvdcqjrfpajtmhobxhzezxkodbj
vgadzugkbbddgzvfxrzjbvksybglilnwqplrmdbuqhzkpyqjreejctykzduhmaydlpeibvhjlapuauwe
zhxztgvqcrugwzrqdzsyegktevisonsrgcxartrdpushetilqctjqzrliicawxkxatvgkhdpuvfzogho
deecksvzvdypsysqrtxgweovovrslozqtvxwbrgtlglvyfkkrwjjeatwolrlyjxfavzwopbtolakwwcw
rooarszhreeicursylhtmxedoikbvjsqcwoumujxnvjddmkajvccxqnxhgazmdynyrveerinaowmrcqq
jeaiyjayffyvcffogzrvqdhkqpaowcgurhmfqiyylcupumvezgvfcqiypxkbmriwoveiwavntdnvlirb
kozqgitezmeipbsuwuugehnexwnoxlyzmbeagqtdpwsxhkxztzymgugobdlbqkzbdwmiqiomclxuuncl
bxurdkhgfiftlnseajtimurtukakovymggwxfitrdyainaxxrduujmatxckgtkrirlgymlvasajihjib
chflybjbditlrvxjmtnicommsaqekuujdlmkeedbgprromjotxwmxitypicqgghpihruglypsqunehxc
cmcbupeypkjwuuvpxpnzbetjdhqnqwwapcgkklrbutqpdchqirsdiotrjbqvfezqeelmqdxfqgbptcyb
hccxcprvmzmqxtulysbyseskepahsdlyszaygpshyjfiervstsvmgijkkyzupqcnzhnyrokmkpacsszu
pghyucufbpabgyjxrfiiyzmmjufwnxckgnwjbkrpuqivqngwvjlrsisticquxwywgdhujjxsjnnqfaib
texgsofxxpuwyzizieydocrgdagjbwrtyanidjjgckqcehsbdeibrarzbgippkizksrpruigqkxxwjjq
fyymbqgtqkymzojwmotmpbxpoojqmztrlwcrcksubkzbeebwcekmxdshytityipqwazdlqqiammyvepg
nrltzsljjjubcghaxnaxswahgmivrtzzxciwtoltjylxncbnuthxkwletyhsqgunfqipyiplskuvvjma
qpaypeywepygwlkpdokxqxjnultgaarcjdgarxdiorvyaonoxkhriyphnxpaimzmnvxxxpueczbwtcmt
kfjsgeuovetkspwkqpibtzfazbzplxvsnztgmlnthqqpycbyozyxpgraxgfxegoivjzatveffrjbmtbf
mnomjutfdavwywgkacppbvmfwweomppjueuqetegnbnswwqlwfchmuqvprqqocfxquwgwcmywesqyuxl
tbgjunluqyohluoclbbwsbiyknjcuornbmgjklkxismlivmoprtgpkovniuakzuqcqlzrqkwpormlyzt
nnlccbnhlpksxvhakjugrjwmgqnnobtpsgpyeuvbmvlhaetystunxlhsqbltptzkfsjrxrxrkoskgctf
oraxcdqhkjhzhqeibtfzzxtqddgtxruhmqpeyrxpvabzfftkgblzzzcaicqrbuvlvrplkpwnklsuiqlx
vmolqbpswysddzouzzdyhdlfdkgnvoipufsbqjkiawnhouwndyvefxryorbarzndwgqghaqthjcpscwg
owcuhackobfvmvxhzrumaljussflfrdjecqakbbbpcogazcpdegesvmjiteteyxrbuqlsbsosdckahlz
ffrynwpjyasbrykrxxztoqgjgxinoryzpammxuzndvaqhordtmqekagmjsvqixfltymbpnszhkzkxtev
ncywfkjacdjrndobqpzaowgkehgokvqyhjugeoerqsuckqlugucdetqqezxuassulvpuedomhindbrgn
ulokfxpcfprwhenkbskelbzesbjjuakaqfqbndsqkdwbwqektsvljjzwqdbszholsehbejwprdovfwty
jcjlubnhnobttgcmsfhsqjnmzofciqfunljgbcuwjbknofqazjaltdeepkneqhbsdkiwrgkdvluppjis
ldjpsktfueprwowbrovysydudfuenfxjzhvnjopkqfirarcqolkcslkpfpkjwphxplpdooerjlqgokvt
jsttejabvgbeegahesysjexovjpyzjjnsyzazonuklqquksrxvbakibfodydsmamkadennkiiwjylvtz
cdxzqowwgctzuujuekvjpbborwnzjhefjjzhzgojppwhywyqgonlayczbtnvmsxzyhpjtvhlhojcfrrg
guenjvzxvqgthlxduekytobeeyuinnocnyafsognjnhkqtaoarhnqvbehrloegeqefeklunqmlukjdfd
mkhkijddpvixzenptfukwjchcpcqrkvwazbxzarllwkjnooyhwicorkprjnnwpsghloyscfwyisketei
ylkeakyeryadidyrvnajkrxasanyvavonghcmvpaqnzucacjvsoxhqzfmxtjjpcxlavrwstsesgemnai
ysweyvmoobarzimkmmfldgqypypqhazuawbjnttxphlwjvjginmcwtukeuemupfjwzzxvlnuelkpgaqv
cvlhmzywsaeiqqtebqkmlmrtjtxqeaslxqptwqzjbltldqoqtqlqxfhicgcmjslxpqcyazorjvtrlmcc
snwjewdeamuoxtxrzixbazfjevxeayqdthzowfethrgndgdycurpyzgcivlqjvjsrlbnbaiygmspbjhn
dicwhmlcuijdglwjbpwspdcfrupygwmqkyjvadcoxiltsettogdsrsftqvnzjppftsignulkciagxpkr
mnetmctyxwgxjhmbgjjlzjmftwrumrxeglmrsprrnvppkjylrafjgadpmvrpghfagrvsqrmwiobsynfb
izculiyhbviylzagewitxsvckfcwzsveniuundtczyxqmnqyveknskrkyrtxkyqfblevnnfmggafovcs
fmxiqwnokqittspyyvpdpisxenhborvookvuqhileqwgavbxkmyzksaolsinulbrcvudkqiipyzidsyt
goxauwoqhwryoxdwtnlwlymmdwjzdgberlxpmnqzglzacjhvokshbwluvqndmldynefgvgekaueficat
mfglgxvsloeurhadokmxcfqtitictqwjxnunibzckuzlhtdnftpfxkfboogwhapoynokzuhddqkzvdet
akdvywrgnbhjtcjxfxfnrmedkywnswqnplttxczdtxpyygcmsjbijdkjuqkkviovkoqzspjmtncitkme
rntjoaexmcrttknllkbdhfqtzqpbyqsqawboezxncmhfkyhexeuhtcatuxszicyvtlcjijyuufnkzbgs
ytbwnaunxgornvmmdecfwlkztmbnxrvyvtqdoflojakdqhnkfbapojhfqkadkkgxyfyqlzfkdwjedruz
ryuojftfdzpzqgnxjtasifhbzacclpbbalwgyreztlogvbsingqpyhjkkvxzrfdwgtecfxxqtanloecr
rgeblxtriqphycuoakhvhfxjalahcxkgfaeqoskfpxxsjquqhnhxwvokzhtvxtcbdqncafzbayyqtstj
otspfivzootgcbzspfsahhadvrwavwaxykikenngirxpbdfawbdcxjbavhmdsptmbemrvrgjuwblsnws
ebskyctuxdvhoipkcnycmxwlsjztpfnsgfquwzogmfcvnwlsdlmowpwahuetdwydcbhjihrlugrhyiei
ksbsoczzypemipjsysynlkdfabhrnbcdibtpcwmjvpqwylygazkhnubykfuqbntnwlannrlohyhtmuci
buvfyssemgmwjkmbzewhojbwojtixpfmhkijcsvxppwcievbjazftkhbmblyyfpwgqeqhldgvvasznhs
ibbqowpbqfmhmjwqgnglbecxlmvgrunshdtbkxvgpzdmohljuayyikkwiczjhiindmjwxjnkvbqxcurn
rycbimywxyknnqxnwcrjncblwofbpmgstkxwaktfflrrnposthtcigmosprwhnamohiprmgolprjvwap
bdlteltsmtuzbabycmgiyryvzhxrdgqnxusnvbhcmfksuaenfkpxxzsybankhuyjxsgyxluisnbmgnpn
kkjfrsycekmidiwsqoemuetrmkyafxvxfbnhminxnbzefnhklszxqwcqvpqctxiwygxydjkqigndfdec
znavorcfelrraapjeturjoobpmcroreneymfzqmklcvbgvwkrbvbtcfqylfyjyxrczdrdaeltvhxaygk
cjpimtdudedeatdjtfztixkeskajlcatarjvhocopncdjpjyfsftqvkqitmvxfnbezkubzhauvlhalpz
dafkipcyyfnayenuagpyvxpprwhzhdaybiepbclulxqblifbmkrakuvvxkyvrqhotwqhdiljddjhlzcz
psaeqokpczqyjlpkygiexucrvkdqlrhdpvsrkdhvcjzlteqsxnumaenebluztmkylvvnuvujuquzcxew
kqrilxqcpfcgdkahrcyqhgzzeflfqupaddvymdsnulprvyukipjjrnayjcmayourervionmwitxxxobd
wwpacxxtgciareqtvnkwfwkxihyponfyhneaynxptwnxtervjhxjacanftaeeikydsserdekvjxffped
oomcrsawsbydsvxxgznrhilfqfkjojfvdvtrudrhtvvertcxsovbsxwquoxrpryxptiitunifchqqwkr
qdmkblyuwyaubqbpuaklnmpesvlbivqqldpdxokilocjgzwekbbezwpwyihlbdysuvbufkekdnpacsvo
qieclycxliaczbpozidxzejovqesomvbujxhhpswbsumfqvqegnnjwzjowwavdhovionwuoyukobriov
hgulzueqzwjyhnmwdwvwdkvmedkrucgyrxwjmrohxejifigulotwtdgfzepaiwfstmbdsxyyqldrhtyz
bqszsreqckqbvkvarkuvpsjivkefhjfucfxthvebwtxkijuqlqnwpmmqfdqfhehjwmxiajueifhspecx
mumeeoyisyilllteokzkmhehfhssegtrreeavpznbmtwqtgkwibgxwxhtbfhverpzfgmdwrookodpxdl
iewmudztcxdfqfmlqtvqtyiwbsbudxchrbiuvuybxcfyxdukaztlzrzlcxzwegpgnrhrxdfezfhniyde
jieowvsflhyowvzybmbzvmptkxykxpslfmzlxhsdalfoxcbqqhgpvwhrktuvhplzgxjwgixgqxrtavst
hygcisbznvvgqfjcvlkylecvoazsnketghhrzzwbnjuwcjqxbvbovojaxuhkproqcjqsunudwfyxvdhw
wriyfekiitpbkgxtumnqlkslhjsinaounfrqbnegbpixgbwehhyymfiubqkgfezzjmbdlrlprbnrewht
omtjgxtynpbeulirdaqmylncjanxcewgynmqerbgxwasvchkjhiclqfglvwuxqhjndwzvpynezbhamkv
golwgbaixtiiktknkkzeddyyzmbjjnokolzjzgkqaonijyepomicpcbaxucbqrwuipayjqbkaokthvit
saruvksddgscggpypshkpjkjphfkgvtvumbsmkcqmieckrdnfjldrqahuudgoxtcgocpzaldzahapuou
joygulhwzhxulshgaaireegddgzmbaitwarczrkkgrtqyzxrcetabydxjxaghwsnueutzfocatywepzx
adaxqgdhhhopkkvuxraexzkpljxbobntlpzrwyxudqdaktrbowunepgnkcillifafiatmmxxpfjtasvx
unyvaxqijehksyqgrxuwuaopuczbninynfscefxaeqorqmeyfrqcpabhyunpgnbntjymgnroudvhtsqg
bgnhhtwvqjpfmadjvahtburpxecicthullukxkkftgzcxuhcepnaqcqxvjtfrwqnhnfvkinwbkpttlqf
zptqugacccesbnnapglggkngiaczbgivznmbqbskymogndfelezgjqyhdesuaarqlzjjonxxlyqdplws
cootgzzwbxwhynbdbnxxsomenfwqiyvkaqbgdbabfpsphrgysooutwlrxreodaemxijdpirwllspabio
ivthvagebsyqrmgsqunnluhdyfabuqdfjpwjuwbzqfdgalbgqcaihomkugpgszvahmhppeywnhfh#
